#
# There is insufficient memory for the Java Runtime Environment to continue.
# Native memory allocation (mmap) failed to map 65536 bytes for Failed to commit metaspace.
# Possible reasons:
#   The system is out of physical RAM or swap space
#   The process is running with CompressedOops enabled, and the Java Heap may be blocking the growth of the native heap
# Possible solutions:
#   Reduce memory load on the system
#   Increase physical memory or swap space
#   Check if swap backing store is full
#   Decrease Java heap size (-Xmx/-Xms)
#   Decrease number of Java threads
#   Decrease Java thread stack sizes (-Xss)
#   Set larger code cache with -XX:ReservedCodeCacheSize=
#   JVM is running with Unscaled Compressed Oops mode in which the Java heap is
#     placed in the first 4GB address space. The Java Heap base address is the
#     maximum limit for the native heap growth. Please use -XX:HeapBaseMinAddress
#     to set the Java Heap base and to place the Java Heap above 4GB virtual address.
# This output file may be truncated or incomplete.
#
#  Out of Memory Error (virtualSpaceNode.cpp:110), pid=2508, tid=18132
#
# JRE version: OpenJDK Runtime Environment Temurin-17.0.5+8 (17.0.5+8) (build 17.0.5+8)
# Java VM: OpenJDK 64-Bit Server VM Temurin-17.0.5+8 (17.0.5+8, mixed mode, emulated-client, tiered, compressed oops, compressed class ptrs, g1 gc, windows-amd64)
# No core dump will be written. Minidumps are not enabled by default on client versions of Windows
#

---------------  S U M M A R Y ------------

Command Line: -Dcom.sun.management.jmxremote -Dcom.sun.management.jmxremote.port=52613 -Dcom.sun.management.jmxremote.authenticate=false -Dcom.sun.management.jmxremote.ssl=false -Djava.rmi.server.hostname=localhost -Dspring.jmx.enabled=true -Dmanagement.endpoints.jmx.exposure.include=* -Dspring.application.admin.enabled=true -XX:TieredStopAtLevel=1 -Dspring.boot.project.name=springboot-backend -Dfile.encoding=UTF-8 -XX:+ShowCodeDetailsInExceptionMessages com.example.demo.SpringbootBackendApplication --spring.output.ansi.enabled=always

Host: Intel(R) Core(TM) i3-1005G1 CPU @ 1.20GHz, 4 cores, 7G,  Windows 11 , 64 bit Build 22621 (10.0.22621.1778)
Time: Tue Jun 13 19:41:26 2023 India Standard Time elapsed time: 1.261252 seconds (0d 0h 0m 1s)

---------------  T H R E A D  ---------------

Current thread (0x00000251cd912bc0):  JavaThread "main" [_thread_in_vm, id=18132, stack(0x0000007384700000,0x0000007384800000)]

Stack: [0x0000007384700000,0x0000007384800000]
Native frames: (J=compiled Java code, j=interpreted, Vv=VM code, C=native code)
V  [jvm.dll+0x676b3a]
V  [jvm.dll+0x831444]
V  [jvm.dll+0x832bee]
V  [jvm.dll+0x833253]
V  [jvm.dll+0x244ce5]
V  [jvm.dll+0x82d4db]
V  [jvm.dll+0x61b2f6]
V  [jvm.dll+0x1bfd2e]
V  [jvm.dll+0x61dc41]
V  [jvm.dll+0x61bc96]
V  [jvm.dll+0x62cab9]
V  [jvm.dll+0x625e04]
V  [jvm.dll+0x37edb1]
C  0x00000251d27ac27e

Java frames: (J=compiled Java code, j=interpreted, Vv=VM code)
j  org.springframework.boot.devtools.logger.DevToolsLogFactory.<clinit>()V+0
v  ~StubRoutines::call_stub
j  org.springframework.boot.devtools.restart.ChangeableUrls.<clinit>()V+2
v  ~StubRoutines::call_stub
j  org.springframework.boot.devtools.restart.DefaultRestartInitializer.getUrls(Ljava/lang/Thread;)[Ljava/net/URL;+4
j  org.springframework.boot.devtools.restart.DefaultRestartInitializer.getInitialUrls(Ljava/lang/Thread;)[Ljava/net/URL;+21
j  org.springframework.boot.devtools.restart.Restarter.<init>(Ljava/lang/Thread;[Ljava/lang/String;ZLorg/springframework/boot/devtools/restart/RestartInitializer;)V+161
j  org.springframework.boot.devtools.restart.Restarter.initialize([Ljava/lang/String;ZLorg/springframework/boot/devtools/restart/RestartInitializer;Z)V+26
j  org.springframework.boot.devtools.restart.RestartApplicationListener.onApplicationStartingEvent(Lorg/springframework/boot/context/event/ApplicationStartingEvent;)V+98
j  org.springframework.boot.devtools.restart.RestartApplicationListener.onApplicationEvent(Lorg/springframework/context/ApplicationEvent;)V+14
j  org.springframework.context.event.SimpleApplicationEventMulticaster.doInvokeListener(Lorg/springframework/context/ApplicationListener;Lorg/springframework/context/ApplicationEvent;)V+2
j  org.springframework.context.event.SimpleApplicationEventMulticaster.invokeListener(Lorg/springframework/context/ApplicationListener;Lorg/springframework/context/ApplicationEvent;)V+34
j  org.springframework.context.event.SimpleApplicationEventMulticaster.multicastEvent(Lorg/springframework/context/ApplicationEvent;Lorg/springframework/core/ResolvableType;)V+83
j  org.springframework.context.event.SimpleApplicationEventMulticaster.multicastEvent(Lorg/springframework/context/ApplicationEvent;)V+7
j  org.springframework.boot.context.event.EventPublishingRunListener.multicastInitialEvent(Lorg/springframework/context/ApplicationEvent;)V+9
j  org.springframework.boot.context.event.EventPublishingRunListener.starting(Lorg/springframework/boot/ConfigurableBootstrapContext;)V+17
j  org.springframework.boot.SpringApplicationRunListeners.lambda$starting$0(Lorg/springframework/boot/ConfigurableBootstrapContext;Lorg/springframework/boot/SpringApplicationRunListener;)V+2
j  org.springframework.boot.SpringApplicationRunListeners$$Lambda$154+0x00000001001e62c8.accept(Ljava/lang/Object;)V+8
j  java.lang.Iterable.forEach(Ljava/util/function/Consumer;)V+30 java.base@17.0.5
j  org.springframework.boot.SpringApplicationRunListeners.doWithListeners(Ljava/lang/String;Ljava/util/function/Consumer;Ljava/util/function/Consumer;)V+17
j  org.springframework.boot.SpringApplicationRunListeners.starting(Lorg/springframework/boot/ConfigurableBootstrapContext;Ljava/lang/Class;)V+15
j  org.springframework.boot.SpringApplication.run([Ljava/lang/String;)Lorg/springframework/context/ConfigurableApplicationContext;+32
j  org.springframework.boot.SpringApplication.run([Ljava/lang/Class;[Ljava/lang/String;)Lorg/springframework/context/ConfigurableApplicationContext;+9
j  org.springframework.boot.SpringApplication.run(Ljava/lang/Class;[Ljava/lang/String;)Lorg/springframework/context/ConfigurableApplicationContext;+9
j  com.example.demo.SpringbootBackendApplication.main([Ljava/lang/String;)V+3
v  ~StubRoutines::call_stub

---------------  P R O C E S S  ---------------

Threads class SMR info:
_java_thread_list=0x00000251ddfaa940, length=19, elements={
0x00000251cd912bc0, 0x00000251dcc0b250, 0x00000251dcc0e630, 0x00000251dcbd7270,
0x00000251dcbf4040, 0x00000251dcbf49f0, 0x00000251dcbf53a0, 0x00000251dcbf5d50,
0x00000251dd852ba0, 0x00000251dcb6d640, 0x00000251dd933890, 0x00000251dd9feb60,
0x00000251ddf4f3c0, 0x00000251ddf4dea0, 0x00000251ddf43df0, 0x00000251ddf44520,
0x00000251ddfbe9e0, 0x00000251ddf40350, 0x00000251ddff91f0
}

Java Threads: ( => current thread )
=>0x00000251cd912bc0 JavaThread "main" [_thread_in_vm, id=18132, stack(0x0000007384700000,0x0000007384800000)]
  0x00000251dcc0b250 JavaThread "Reference Handler" daemon [_thread_blocked, id=5380, stack(0x0000007384e00000,0x0000007384f00000)]
  0x00000251dcc0e630 JavaThread "Finalizer" daemon [_thread_blocked, id=14740, stack(0x0000007384f00000,0x0000007385000000)]
  0x00000251dcbd7270 JavaThread "Signal Dispatcher" daemon [_thread_blocked, id=16092, stack(0x0000007385000000,0x0000007385100000)]
  0x00000251dcbf4040 JavaThread "Attach Listener" daemon [_thread_blocked, id=17388, stack(0x0000007385100000,0x0000007385200000)]
  0x00000251dcbf49f0 JavaThread "Service Thread" daemon [_thread_blocked, id=12200, stack(0x0000007385200000,0x0000007385300000)]
  0x00000251dcbf53a0 JavaThread "Monitor Deflation Thread" daemon [_thread_blocked, id=8612, stack(0x0000007385300000,0x0000007385400000)]
  0x00000251dcbf5d50 JavaThread "C1 CompilerThread0" daemon [_thread_blocked, id=8512, stack(0x0000007385400000,0x0000007385500000)]
  0x00000251dd852ba0 JavaThread "Sweeper thread" daemon [_thread_blocked, id=9184, stack(0x0000007385500000,0x0000007385600000)]
  0x00000251dcb6d640 JavaThread "Common-Cleaner" daemon [_thread_blocked, id=3652, stack(0x0000007385600000,0x0000007385700000)]
  0x00000251dd933890 JavaThread "C1 CompilerThread1" daemon [_thread_blocked, id=12160, stack(0x0000007385700000,0x0000007385800000)]
  0x00000251dd9feb60 JavaThread "Notification Thread" daemon [_thread_blocked, id=14680, stack(0x0000007385800000,0x0000007385900000)]
  0x00000251ddf4f3c0 JavaThread "RMI TCP Accept-0" daemon [_thread_in_native, id=15448, stack(0x0000007385a00000,0x0000007385b00000)]
  0x00000251ddf4dea0 JavaThread "RMI TCP Accept-52613" daemon [_thread_in_native, id=12776, stack(0x0000007385b00000,0x0000007385c00000)]
  0x00000251ddf43df0 JavaThread "RMI TCP Accept-0" daemon [_thread_in_native, id=18604, stack(0x0000007385c00000,0x0000007385d00000)]
  0x00000251ddf44520 JavaThread "RMI TCP Connection(1)-127.0.0.1" daemon [_thread_in_native, id=4264, stack(0x0000007385e00000,0x0000007385f00000)]
  0x00000251ddfbe9e0 JavaThread "RMI Scheduler(0)" daemon [_thread_blocked, id=18388, stack(0x0000007385f00000,0x0000007386000000)]
  0x00000251ddf40350 JavaThread "RMI TCP Connection(2)-127.0.0.1" daemon [_thread_in_native, id=12636, stack(0x0000007386000000,0x0000007386100000)]
  0x00000251ddff91f0 JavaThread "JMX server connection timeout 21" daemon [_thread_blocked, id=18052, stack(0x0000007386100000,0x0000007386200000)]

Other Threads:
  0x00000251dcbd0770 VMThread "VM Thread" [stack: 0x0000007384d00000,0x0000007384e00000] [id=2452]
  0x00000251ddf4eb70 WatcherThread [stack: 0x0000007385d00000,0x0000007385e00000] [id=3536]
  0x00000251cd96edd0 GCTaskThread "GC Thread#0" [stack: 0x0000007384800000,0x0000007384900000] [id=9020]
  0x00000251ddf40b10 GCTaskThread "GC Thread#1" [stack: 0x0000007386200000,0x0000007386300000] [id=17940]
  0x00000251ddfe2af0 GCTaskThread "GC Thread#2" [stack: 0x0000007386300000,0x0000007386400000] [id=18984]
  0x00000251de0f1810 GCTaskThread "GC Thread#3" [stack: 0x0000007386400000,0x0000007386500000] [id=2884]
  0x00000251cd97f390 ConcurrentGCThread "G1 Main Marker" [stack: 0x0000007384900000,0x0000007384a00000] [id=11396]
  0x00000251cd9806a0 ConcurrentGCThread "G1 Conc#0" [stack: 0x0000007384a00000,0x0000007384b00000] [id=6540]
  0x00000251cd9ce6e0 ConcurrentGCThread "G1 Refine#0" [stack: 0x0000007384b00000,0x0000007384c00000] [id=19396]
  0x00000251ddfae0c0 ConcurrentGCThread "G1 Refine#1" [stack: 0x0000007386500000,0x0000007386600000] [id=8120]
  0x00000251ddb3e960 ConcurrentGCThread "G1 Refine#2" [stack: 0x0000007386600000,0x0000007386700000] [id=4184]
  0x00000251dca28b30 ConcurrentGCThread "G1 Service" [stack: 0x0000007384c00000,0x0000007384d00000] [id=10312]

Threads with active compile tasks:

VM state: not at safepoint (normal execution)

VM Mutex/Monitor currently owned by a thread:  ([mutex/lock_event])
[0x00000251cd911db0] Metaspace_lock - owner thread: 0x00000251cd912bc0

Heap address: 0x0000000084c00000, size: 1972 MB, Compressed Oops mode: 32-bit

CDS archive(s) not mapped
Compressed class space mapped at: 0x0000000100000000-0x0000000140000000, reserved size: 1073741824
Narrow klass base: 0x0000000000000000, Narrow klass shift: 3, Narrow klass range: 0x140000000

GC Precious Log:
 CPUs: 4 total, 4 available
 Memory: 7880M
 Large Page Support: Disabled
 NUMA Support: Disabled
 Compressed Oops: Enabled (32-bit)
 Heap Region Size: 1M
 Heap Min Capacity: 8M
 Heap Initial Capacity: 124M
 Heap Max Capacity: 1972M
 Pre-touch: Disabled
 Parallel Workers: 4
 Concurrent Workers: 1
 Concurrent Refinement Workers: 4
 Periodic GC: Disabled

Heap:
 garbage-first heap   total 126976K, used 13488K [0x0000000084c00000, 0x0000000100000000)
  region size 1024K, 10 young (10240K), 2 survivors (2048K)
 Metaspace       used 16074K, committed 16192K, reserved 1064960K
  class space    used 1723K, committed 1792K, reserved 1048576K

Heap Regions: E=young(eden), S=young(survivor), O=old, HS=humongous(starts), HC=humongous(continues), CS=collection set, F=free, OA=open archive, CA=closed archive, TAMS=top-at-mark-start (previous, next)
|   0|0x0000000084c00000, 0x0000000084d00000, 0x0000000084d00000|100%|HS|  |TAMS 0x0000000084c00000, 0x0000000084c00000| Complete 
|   1|0x0000000084d00000, 0x0000000084e00000, 0x0000000084e00000|100%| O|  |TAMS 0x0000000084d00000, 0x0000000084d00000| Untracked 
|   2|0x0000000084e00000, 0x0000000084f00000, 0x0000000084f00000|100%| O|  |TAMS 0x0000000084e00000, 0x0000000084e00000| Untracked 
|   3|0x0000000084f00000, 0x0000000085000000, 0x0000000085000000|100%| O|  |TAMS 0x0000000084f00000, 0x0000000084f00000| Untracked 
|   4|0x0000000085000000, 0x000000008502c000, 0x0000000085100000| 17%| O|  |TAMS 0x0000000085000000, 0x0000000085000000| Untracked 
|   5|0x0000000085100000, 0x0000000085100000, 0x0000000085200000|  0%| F|  |TAMS 0x0000000085100000, 0x0000000085100000| Untracked 
|   6|0x0000000085200000, 0x0000000085200000, 0x0000000085300000|  0%| F|  |TAMS 0x0000000085200000, 0x0000000085200000| Untracked 
|   7|0x0000000085300000, 0x0000000085300000, 0x0000000085400000|  0%| F|  |TAMS 0x0000000085300000, 0x0000000085300000| Untracked 
|   8|0x0000000085400000, 0x0000000085400000, 0x0000000085500000|  0%| F|  |TAMS 0x0000000085400000, 0x0000000085400000| Untracked 
|   9|0x0000000085500000, 0x0000000085500000, 0x0000000085600000|  0%| F|  |TAMS 0x0000000085500000, 0x0000000085500000| Untracked 
|  10|0x0000000085600000, 0x0000000085600000, 0x0000000085700000|  0%| F|  |TAMS 0x0000000085600000, 0x0000000085600000| Untracked 
|  11|0x0000000085700000, 0x0000000085700000, 0x0000000085800000|  0%| F|  |TAMS 0x0000000085700000, 0x0000000085700000| Untracked 
|  12|0x0000000085800000, 0x0000000085800000, 0x0000000085900000|  0%| F|  |TAMS 0x0000000085800000, 0x0000000085800000| Untracked 
|  13|0x0000000085900000, 0x0000000085900000, 0x0000000085a00000|  0%| F|  |TAMS 0x0000000085900000, 0x0000000085900000| Untracked 
|  14|0x0000000085a00000, 0x0000000085a00000, 0x0000000085b00000|  0%| F|  |TAMS 0x0000000085a00000, 0x0000000085a00000| Untracked 
|  15|0x0000000085b00000, 0x0000000085b00000, 0x0000000085c00000|  0%| F|  |TAMS 0x0000000085b00000, 0x0000000085b00000| Untracked 
|  16|0x0000000085c00000, 0x0000000085c00000, 0x0000000085d00000|  0%| F|  |TAMS 0x0000000085c00000, 0x0000000085c00000| Untracked 
|  17|0x0000000085d00000, 0x0000000085d00000, 0x0000000085e00000|  0%| F|  |TAMS 0x0000000085d00000, 0x0000000085d00000| Untracked 
|  18|0x0000000085e00000, 0x0000000085e00000, 0x0000000085f00000|  0%| F|  |TAMS 0x0000000085e00000, 0x0000000085e00000| Untracked 
|  19|0x0000000085f00000, 0x0000000085f00000, 0x0000000086000000|  0%| F|  |TAMS 0x0000000085f00000, 0x0000000085f00000| Untracked 
|  20|0x0000000086000000, 0x0000000086000000, 0x0000000086100000|  0%| F|  |TAMS 0x0000000086000000, 0x0000000086000000| Untracked 
|  21|0x0000000086100000, 0x0000000086100000, 0x0000000086200000|  0%| F|  |TAMS 0x0000000086100000, 0x0000000086100000| Untracked 
|  22|0x0000000086200000, 0x0000000086200000, 0x0000000086300000|  0%| F|  |TAMS 0x0000000086200000, 0x0000000086200000| Untracked 
|  23|0x0000000086300000, 0x0000000086300000, 0x0000000086400000|  0%| F|  |TAMS 0x0000000086300000, 0x0000000086300000| Untracked 
|  24|0x0000000086400000, 0x0000000086400000, 0x0000000086500000|  0%| F|  |TAMS 0x0000000086400000, 0x0000000086400000| Untracked 
|  25|0x0000000086500000, 0x0000000086500000, 0x0000000086600000|  0%| F|  |TAMS 0x0000000086500000, 0x0000000086500000| Untracked 
|  26|0x0000000086600000, 0x0000000086600000, 0x0000000086700000|  0%| F|  |TAMS 0x0000000086600000, 0x0000000086600000| Untracked 
|  27|0x0000000086700000, 0x0000000086700000, 0x0000000086800000|  0%| F|  |TAMS 0x0000000086700000, 0x0000000086700000| Untracked 
|  28|0x0000000086800000, 0x0000000086800000, 0x0000000086900000|  0%| F|  |TAMS 0x0000000086800000, 0x0000000086800000| Untracked 
|  29|0x0000000086900000, 0x0000000086900000, 0x0000000086a00000|  0%| F|  |TAMS 0x0000000086900000, 0x0000000086900000| Untracked 
|  30|0x0000000086a00000, 0x0000000086a00000, 0x0000000086b00000|  0%| F|  |TAMS 0x0000000086a00000, 0x0000000086a00000| Untracked 
|  31|0x0000000086b00000, 0x0000000086b00000, 0x0000000086c00000|  0%| F|  |TAMS 0x0000000086b00000, 0x0000000086b00000| Untracked 
|  32|0x0000000086c00000, 0x0000000086c00000, 0x0000000086d00000|  0%| F|  |TAMS 0x0000000086c00000, 0x0000000086c00000| Untracked 
|  33|0x0000000086d00000, 0x0000000086d00000, 0x0000000086e00000|  0%| F|  |TAMS 0x0000000086d00000, 0x0000000086d00000| Untracked 
|  34|0x0000000086e00000, 0x0000000086e00000, 0x0000000086f00000|  0%| F|  |TAMS 0x0000000086e00000, 0x0000000086e00000| Untracked 
|  35|0x0000000086f00000, 0x0000000086f00000, 0x0000000087000000|  0%| F|  |TAMS 0x0000000086f00000, 0x0000000086f00000| Untracked 
|  36|0x0000000087000000, 0x0000000087000000, 0x0000000087100000|  0%| F|  |TAMS 0x0000000087000000, 0x0000000087000000| Untracked 
|  37|0x0000000087100000, 0x0000000087100000, 0x0000000087200000|  0%| F|  |TAMS 0x0000000087100000, 0x0000000087100000| Untracked 
|  38|0x0000000087200000, 0x0000000087200000, 0x0000000087300000|  0%| F|  |TAMS 0x0000000087200000, 0x0000000087200000| Untracked 
|  39|0x0000000087300000, 0x0000000087300000, 0x0000000087400000|  0%| F|  |TAMS 0x0000000087300000, 0x0000000087300000| Untracked 
|  40|0x0000000087400000, 0x0000000087400000, 0x0000000087500000|  0%| F|  |TAMS 0x0000000087400000, 0x0000000087400000| Untracked 
|  41|0x0000000087500000, 0x0000000087500000, 0x0000000087600000|  0%| F|  |TAMS 0x0000000087500000, 0x0000000087500000| Untracked 
|  42|0x0000000087600000, 0x0000000087600000, 0x0000000087700000|  0%| F|  |TAMS 0x0000000087600000, 0x0000000087600000| Untracked 
|  43|0x0000000087700000, 0x0000000087700000, 0x0000000087800000|  0%| F|  |TAMS 0x0000000087700000, 0x0000000087700000| Untracked 
|  44|0x0000000087800000, 0x0000000087800000, 0x0000000087900000|  0%| F|  |TAMS 0x0000000087800000, 0x0000000087800000| Untracked 
|  45|0x0000000087900000, 0x0000000087900000, 0x0000000087a00000|  0%| F|  |TAMS 0x0000000087900000, 0x0000000087900000| Untracked 
|  46|0x0000000087a00000, 0x0000000087a00000, 0x0000000087b00000|  0%| F|  |TAMS 0x0000000087a00000, 0x0000000087a00000| Untracked 
|  47|0x0000000087b00000, 0x0000000087b00000, 0x0000000087c00000|  0%| F|  |TAMS 0x0000000087b00000, 0x0000000087b00000| Untracked 
|  48|0x0000000087c00000, 0x0000000087c00000, 0x0000000087d00000|  0%| F|  |TAMS 0x0000000087c00000, 0x0000000087c00000| Untracked 
|  49|0x0000000087d00000, 0x0000000087d00000, 0x0000000087e00000|  0%| F|  |TAMS 0x0000000087d00000, 0x0000000087d00000| Untracked 
|  50|0x0000000087e00000, 0x0000000087e00000, 0x0000000087f00000|  0%| F|  |TAMS 0x0000000087e00000, 0x0000000087e00000| Untracked 
|  51|0x0000000087f00000, 0x0000000087f00000, 0x0000000088000000|  0%| F|  |TAMS 0x0000000087f00000, 0x0000000087f00000| Untracked 
|  52|0x0000000088000000, 0x0000000088000000, 0x0000000088100000|  0%| F|  |TAMS 0x0000000088000000, 0x0000000088000000| Untracked 
|  53|0x0000000088100000, 0x0000000088100000, 0x0000000088200000|  0%| F|  |TAMS 0x0000000088100000, 0x0000000088100000| Untracked 
|  54|0x0000000088200000, 0x0000000088200000, 0x0000000088300000|  0%| F|  |TAMS 0x0000000088200000, 0x0000000088200000| Untracked 
|  55|0x0000000088300000, 0x0000000088300000, 0x0000000088400000|  0%| F|  |TAMS 0x0000000088300000, 0x0000000088300000| Untracked 
|  56|0x0000000088400000, 0x0000000088400000, 0x0000000088500000|  0%| F|  |TAMS 0x0000000088400000, 0x0000000088400000| Untracked 
|  57|0x0000000088500000, 0x0000000088500000, 0x0000000088600000|  0%| F|  |TAMS 0x0000000088500000, 0x0000000088500000| Untracked 
|  58|0x0000000088600000, 0x0000000088600000, 0x0000000088700000|  0%| F|  |TAMS 0x0000000088600000, 0x0000000088600000| Untracked 
|  59|0x0000000088700000, 0x0000000088700000, 0x0000000088800000|  0%| F|  |TAMS 0x0000000088700000, 0x0000000088700000| Untracked 
|  60|0x0000000088800000, 0x0000000088800000, 0x0000000088900000|  0%| F|  |TAMS 0x0000000088800000, 0x0000000088800000| Untracked 
|  61|0x0000000088900000, 0x0000000088900000, 0x0000000088a00000|  0%| F|  |TAMS 0x0000000088900000, 0x0000000088900000| Untracked 
|  62|0x0000000088a00000, 0x0000000088a00000, 0x0000000088b00000|  0%| F|  |TAMS 0x0000000088a00000, 0x0000000088a00000| Untracked 
|  63|0x0000000088b00000, 0x0000000088b00000, 0x0000000088c00000|  0%| F|  |TAMS 0x0000000088b00000, 0x0000000088b00000| Untracked 
|  64|0x0000000088c00000, 0x0000000088c00000, 0x0000000088d00000|  0%| F|  |TAMS 0x0000000088c00000, 0x0000000088c00000| Untracked 
|  65|0x0000000088d00000, 0x0000000088d00000, 0x0000000088e00000|  0%| F|  |TAMS 0x0000000088d00000, 0x0000000088d00000| Untracked 
|  66|0x0000000088e00000, 0x0000000088e00000, 0x0000000088f00000|  0%| F|  |TAMS 0x0000000088e00000, 0x0000000088e00000| Untracked 
|  67|0x0000000088f00000, 0x0000000088f00000, 0x0000000089000000|  0%| F|  |TAMS 0x0000000088f00000, 0x0000000088f00000| Untracked 
|  68|0x0000000089000000, 0x0000000089000000, 0x0000000089100000|  0%| F|  |TAMS 0x0000000089000000, 0x0000000089000000| Untracked 
|  69|0x0000000089100000, 0x0000000089100000, 0x0000000089200000|  0%| F|  |TAMS 0x0000000089100000, 0x0000000089100000| Untracked 
|  70|0x0000000089200000, 0x0000000089200000, 0x0000000089300000|  0%| F|  |TAMS 0x0000000089200000, 0x0000000089200000| Untracked 
|  71|0x0000000089300000, 0x0000000089300000, 0x0000000089400000|  0%| F|  |TAMS 0x0000000089300000, 0x0000000089300000| Untracked 
|  72|0x0000000089400000, 0x0000000089400000, 0x0000000089500000|  0%| F|  |TAMS 0x0000000089400000, 0x0000000089400000| Untracked 
|  73|0x0000000089500000, 0x0000000089500000, 0x0000000089600000|  0%| F|  |TAMS 0x0000000089500000, 0x0000000089500000| Untracked 
|  74|0x0000000089600000, 0x0000000089600000, 0x0000000089700000|  0%| F|  |TAMS 0x0000000089600000, 0x0000000089600000| Untracked 
|  75|0x0000000089700000, 0x0000000089700000, 0x0000000089800000|  0%| F|  |TAMS 0x0000000089700000, 0x0000000089700000| Untracked 
|  76|0x0000000089800000, 0x0000000089800000, 0x0000000089900000|  0%| F|  |TAMS 0x0000000089800000, 0x0000000089800000| Untracked 
|  77|0x0000000089900000, 0x0000000089900000, 0x0000000089a00000|  0%| F|  |TAMS 0x0000000089900000, 0x0000000089900000| Untracked 
|  78|0x0000000089a00000, 0x0000000089a00000, 0x0000000089b00000|  0%| F|  |TAMS 0x0000000089a00000, 0x0000000089a00000| Untracked 
|  79|0x0000000089b00000, 0x0000000089b00000, 0x0000000089c00000|  0%| F|  |TAMS 0x0000000089b00000, 0x0000000089b00000| Untracked 
|  80|0x0000000089c00000, 0x0000000089c00000, 0x0000000089d00000|  0%| F|  |TAMS 0x0000000089c00000, 0x0000000089c00000| Untracked 
|  81|0x0000000089d00000, 0x0000000089d00000, 0x0000000089e00000|  0%| F|  |TAMS 0x0000000089d00000, 0x0000000089d00000| Untracked 
|  82|0x0000000089e00000, 0x0000000089e00000, 0x0000000089f00000|  0%| F|  |TAMS 0x0000000089e00000, 0x0000000089e00000| Untracked 
|  83|0x0000000089f00000, 0x0000000089f00000, 0x000000008a000000|  0%| F|  |TAMS 0x0000000089f00000, 0x0000000089f00000| Untracked 
|  84|0x000000008a000000, 0x000000008a000000, 0x000000008a100000|  0%| F|  |TAMS 0x000000008a000000, 0x000000008a000000| Untracked 
|  85|0x000000008a100000, 0x000000008a100000, 0x000000008a200000|  0%| F|  |TAMS 0x000000008a100000, 0x000000008a100000| Untracked 
|  86|0x000000008a200000, 0x000000008a200000, 0x000000008a300000|  0%| F|  |TAMS 0x000000008a200000, 0x000000008a200000| Untracked 
|  87|0x000000008a300000, 0x000000008a300000, 0x000000008a400000|  0%| F|  |TAMS 0x000000008a300000, 0x000000008a300000| Untracked 
|  88|0x000000008a400000, 0x000000008a400000, 0x000000008a500000|  0%| F|  |TAMS 0x000000008a400000, 0x000000008a400000| Untracked 
|  89|0x000000008a500000, 0x000000008a500000, 0x000000008a600000|  0%| F|  |TAMS 0x000000008a500000, 0x000000008a500000| Untracked 
|  90|0x000000008a600000, 0x000000008a600000, 0x000000008a700000|  0%| F|  |TAMS 0x000000008a600000, 0x000000008a600000| Untracked 
|  91|0x000000008a700000, 0x000000008a700000, 0x000000008a800000|  0%| F|  |TAMS 0x000000008a700000, 0x000000008a700000| Untracked 
|  92|0x000000008a800000, 0x000000008a800000, 0x000000008a900000|  0%| F|  |TAMS 0x000000008a800000, 0x000000008a800000| Untracked 
|  93|0x000000008a900000, 0x000000008a900000, 0x000000008aa00000|  0%| F|  |TAMS 0x000000008a900000, 0x000000008a900000| Untracked 
|  94|0x000000008aa00000, 0x000000008aa00000, 0x000000008ab00000|  0%| F|  |TAMS 0x000000008aa00000, 0x000000008aa00000| Untracked 
|  95|0x000000008ab00000, 0x000000008ab00000, 0x000000008ac00000|  0%| F|  |TAMS 0x000000008ab00000, 0x000000008ab00000| Untracked 
|  96|0x000000008ac00000, 0x000000008ac00000, 0x000000008ad00000|  0%| F|  |TAMS 0x000000008ac00000, 0x000000008ac00000| Untracked 
|  97|0x000000008ad00000, 0x000000008ad00000, 0x000000008ae00000|  0%| F|  |TAMS 0x000000008ad00000, 0x000000008ad00000| Untracked 
|  98|0x000000008ae00000, 0x000000008ae00000, 0x000000008af00000|  0%| F|  |TAMS 0x000000008ae00000, 0x000000008ae00000| Untracked 
|  99|0x000000008af00000, 0x000000008af00000, 0x000000008b000000|  0%| F|  |TAMS 0x000000008af00000, 0x000000008af00000| Untracked 
| 100|0x000000008b000000, 0x000000008b000000, 0x000000008b100000|  0%| F|  |TAMS 0x000000008b000000, 0x000000008b000000| Untracked 
| 101|0x000000008b100000, 0x000000008b100000, 0x000000008b200000|  0%| F|  |TAMS 0x000000008b100000, 0x000000008b100000| Untracked 
| 102|0x000000008b200000, 0x000000008b200000, 0x000000008b300000|  0%| F|  |TAMS 0x000000008b200000, 0x000000008b200000| Untracked 
| 103|0x000000008b300000, 0x000000008b300000, 0x000000008b400000|  0%| F|  |TAMS 0x000000008b300000, 0x000000008b300000| Untracked 
| 104|0x000000008b400000, 0x000000008b400000, 0x000000008b500000|  0%| F|  |TAMS 0x000000008b400000, 0x000000008b400000| Untracked 
| 105|0x000000008b500000, 0x000000008b500000, 0x000000008b600000|  0%| F|  |TAMS 0x000000008b500000, 0x000000008b500000| Untracked 
| 106|0x000000008b600000, 0x000000008b600000, 0x000000008b700000|  0%| F|  |TAMS 0x000000008b600000, 0x000000008b600000| Untracked 
| 107|0x000000008b700000, 0x000000008b700000, 0x000000008b800000|  0%| F|  |TAMS 0x000000008b700000, 0x000000008b700000| Untracked 
| 108|0x000000008b800000, 0x000000008b800000, 0x000000008b900000|  0%| F|  |TAMS 0x000000008b800000, 0x000000008b800000| Untracked 
| 109|0x000000008b900000, 0x000000008ba00000, 0x000000008ba00000|100%| S|CS|TAMS 0x000000008b900000, 0x000000008b900000| Complete 
| 110|0x000000008ba00000, 0x000000008bb00000, 0x000000008bb00000|100%| S|CS|TAMS 0x000000008ba00000, 0x000000008ba00000| Complete 
| 111|0x000000008bb00000, 0x000000008bb00000, 0x000000008bc00000|  0%| F|  |TAMS 0x000000008bb00000, 0x000000008bb00000| Untracked 
| 112|0x000000008bc00000, 0x000000008bc00000, 0x000000008bd00000|  0%| F|  |TAMS 0x000000008bc00000, 0x000000008bc00000| Untracked 
| 113|0x000000008bd00000, 0x000000008bd00000, 0x000000008be00000|  0%| F|  |TAMS 0x000000008bd00000, 0x000000008bd00000| Untracked 
| 114|0x000000008be00000, 0x000000008be00000, 0x000000008bf00000|  0%| F|  |TAMS 0x000000008be00000, 0x000000008be00000| Untracked 
| 115|0x000000008bf00000, 0x000000008bf00000, 0x000000008c000000|  0%| F|  |TAMS 0x000000008bf00000, 0x000000008bf00000| Untracked 
| 116|0x000000008c000000, 0x000000008c071c20, 0x000000008c100000| 44%| E|  |TAMS 0x000000008c000000, 0x000000008c000000| Complete 
| 117|0x000000008c100000, 0x000000008c200000, 0x000000008c200000|100%| E|CS|TAMS 0x000000008c100000, 0x000000008c100000| Complete 
| 118|0x000000008c200000, 0x000000008c300000, 0x000000008c300000|100%| E|CS|TAMS 0x000000008c200000, 0x000000008c200000| Complete 
| 119|0x000000008c300000, 0x000000008c400000, 0x000000008c400000|100%| E|CS|TAMS 0x000000008c300000, 0x000000008c300000| Complete 
| 120|0x000000008c400000, 0x000000008c500000, 0x000000008c500000|100%| E|CS|TAMS 0x000000008c400000, 0x000000008c400000| Complete 
| 121|0x000000008c500000, 0x000000008c600000, 0x000000008c600000|100%| E|CS|TAMS 0x000000008c500000, 0x000000008c500000| Complete 
| 122|0x000000008c600000, 0x000000008c700000, 0x000000008c700000|100%| E|CS|TAMS 0x000000008c600000, 0x000000008c600000| Complete 
| 123|0x000000008c700000, 0x000000008c800000, 0x000000008c800000|100%| E|CS|TAMS 0x000000008c700000, 0x000000008c700000| Complete 

Card table byte_map: [0x00000251d6020000,0x00000251d6400000] _byte_map_base: 0x00000251d5bfa000

Marking Bits (Prev, Next): (CMBitMap*) 0x00000251cd96f3e0, (CMBitMap*) 0x00000251cd96f420
 Prev Bits: [0x00000251d67e0000, 0x00000251d86b0000)
 Next Bits: [0x00000251d86b0000, 0x00000251da580000)

Polling page: 0x00000251cd9d0000

Metaspace:

Usage:
  Non-class:     14.01 MB used.
      Class:      1.68 MB used.
       Both:     15.70 MB used.

Virtual space:
  Non-class space:       16.00 MB reserved,      14.06 MB ( 88%) committed,  2 nodes.
      Class space:        1.00 GB reserved,       1.75 MB ( <1%) committed,  1 nodes.
             Both:        1.02 GB reserved,      15.81 MB (  2%) committed. 

Chunk freelists:
   Non-Class:  1.80 MB
       Class:  2.08 MB
        Both:  3.88 MB

MaxMetaspaceSize: unlimited
CompressedClassSpaceSize: 1.00 GB
Initial GC threshold: 21.00 MB
Current GC threshold: 21.00 MB
CDS: off
MetaspaceReclaimPolicy: balanced
 - commit_granule_bytes: 65536.
 - commit_granule_words: 8192.
 - virtual_space_node_default_size: 1048576.
 - enlarge_chunks_in_place: 1.
 - new_chunks_are_fully_committed: 0.
 - uncommit_free_chunks: 1.
 - use_allocation_guard: 0.
 - handle_deallocations: 1.


Internal statistics:

num_allocs_failed_limit: 0.
num_arena_births: 176.
num_arena_deaths: 0.
num_vsnodes_births: 3.
num_vsnodes_deaths: 0.
num_space_committed: 253.
num_space_uncommitted: 0.
num_chunks_returned_to_freelist: 0.
num_chunks_taken_from_freelist: 342.
num_chunk_merges: 0.
num_chunk_splits: 191.
num_chunks_enlarged: 106.
num_purges: 0.
num_inconsistent_stats: 0.

CodeCache: size=49152Kb used=3469Kb max_used=3469Kb free=45683Kb
 bounds [0x00000251d27a0000, 0x00000251d2b10000, 0x00000251d57a0000]
 total_blobs=1695 nmethods=1240 adapters=382
 compilation: enabled
              stopped_count=0, restarted_count=0
 full_count=0

Compilation events (20 events):
Event: 1.235 Thread 0x00000251dd933890 nmethod 1230 0x00000251d2afe810 code [0x00000251d2afe9e0, 0x00000251d2afed58]
Event: 1.235 Thread 0x00000251dcbf5d50 nmethod 1229 0x00000251d2afef90 code [0x00000251d2aff1c0, 0x00000251d2aff7f8]
Event: 1.236 Thread 0x00000251dd933890 1231       1       jdk.internal.loader.BuiltinClassLoader::isSealed (71 bytes)
Event: 1.237 Thread 0x00000251dd933890 nmethod 1231 0x00000251d2affb90 code [0x00000251d2affe20, 0x00000251d2b00588]
Event: 1.238 Thread 0x00000251dcbf5d50 1233       1       org.springframework.util.Assert::notNull (14 bytes)
Event: 1.238 Thread 0x00000251dcbf5d50 nmethod 1233 0x00000251d2b01010 code [0x00000251d2b011a0, 0x00000251d2b012c8]
Event: 1.239 Thread 0x00000251dd933890 1234       1       org.springframework.util.ConcurrentReferenceHashMap$Segment::restructureIfNecessary (56 bytes)
Event: 1.239 Thread 0x00000251dcbf5d50 1235       1       org.springframework.util.ConcurrentReferenceHashMap$ReferenceManager::pollForPurge (11 bytes)
Event: 1.239 Thread 0x00000251dcbf5d50 nmethod 1235 0x00000251d2b01390 code [0x00000251d2b01540, 0x00000251d2b01768]
Event: 1.239 Thread 0x00000251dcbf5d50 1236       1       sun.reflect.generics.visitor.Reifier::getFactory (5 bytes)
Event: 1.239 Thread 0x00000251dd933890 nmethod 1234 0x00000251d2b01890 code [0x00000251d2b01a40, 0x00000251d2b01d18]
Event: 1.239 Thread 0x00000251dcbf5d50 nmethod 1236 0x00000251d2b01f10 code [0x00000251d2b020a0, 0x00000251d2b02178]
Event: 1.239 Thread 0x00000251dd933890 1237       1       java.util.ArrayList::<init> (61 bytes)
Event: 1.240 Thread 0x00000251dd933890 nmethod 1237 0x00000251d2b02210 code [0x00000251d2b02400, 0x00000251d2b02958]
Event: 1.254 Thread 0x00000251dd933890 1240       1       java.util.Collections$UnmodifiableCollection$1::next (10 bytes)
Event: 1.254 Thread 0x00000251dcbf5d50 1239       1       java.util.Collections$UnmodifiableCollection$1::hasNext (10 bytes)
Event: 1.255 Thread 0x00000251dcbf5d50 nmethod 1239 0x00000251d2b02b10 code [0x00000251d2b02ca0, 0x00000251d2b02d88]
Event: 1.255 Thread 0x00000251dd933890 nmethod 1240 0x00000251d2b02e10 code [0x00000251d2b02fa0, 0x00000251d2b03088]
Event: 1.255 Thread 0x00000251dcbf5d50 1238       1       jdk.internal.misc.VM::initLevel (4 bytes)
Event: 1.255 Thread 0x00000251dcbf5d50 nmethod 1238 0x00000251d2b03110 code [0x00000251d2b032a0, 0x00000251d2b03358]

GC Heap History (2 events):
Event: 1.048 GC heap before
{Heap before GC invocations=0 (full 0):
 garbage-first heap   total 126976K, used 13312K [0x0000000084c00000, 0x0000000100000000)
  region size 1024K, 13 young (13312K), 0 survivors (0K)
 Metaspace       used 13570K, committed 13824K, reserved 1064960K
  class space    used 1409K, committed 1536K, reserved 1048576K
}
Event: 1.056 GC heap after
{Heap after GC invocations=1 (full 0):
 garbage-first heap   total 126976K, used 6320K [0x0000000084c00000, 0x0000000100000000)
  region size 1024K, 2 young (2048K), 2 survivors (2048K)
 Metaspace       used 13570K, committed 13824K, reserved 1064960K
  class space    used 1409K, committed 1536K, reserved 1048576K
}

Dll operation events (7 events):
Event: 0.024 Loaded shared library D:\sts-4.17.0.RELEASE\plugins\org.eclipse.justj.openjdk.hotspot.jre.full.win32.x86_64_17.0.5.v20221102-0933\jre\bin\java.dll
Event: 0.410 Loaded shared library D:\sts-4.17.0.RELEASE\plugins\org.eclipse.justj.openjdk.hotspot.jre.full.win32.x86_64_17.0.5.v20221102-0933\jre\bin\jimage.dll
Event: 0.441 Loaded shared library D:\sts-4.17.0.RELEASE\plugins\org.eclipse.justj.openjdk.hotspot.jre.full.win32.x86_64_17.0.5.v20221102-0933\jre\bin\net.dll
Event: 0.445 Loaded shared library D:\sts-4.17.0.RELEASE\plugins\org.eclipse.justj.openjdk.hotspot.jre.full.win32.x86_64_17.0.5.v20221102-0933\jre\bin\nio.dll
Event: 0.456 Loaded shared library D:\sts-4.17.0.RELEASE\plugins\org.eclipse.justj.openjdk.hotspot.jre.full.win32.x86_64_17.0.5.v20221102-0933\jre\bin\zip.dll
Event: 0.553 Loaded shared library D:\sts-4.17.0.RELEASE\plugins\org.eclipse.justj.openjdk.hotspot.jre.full.win32.x86_64_17.0.5.v20221102-0933\jre\bin\management.dll
Event: 0.574 Loaded shared library D:\sts-4.17.0.RELEASE\plugins\org.eclipse.justj.openjdk.hotspot.jre.full.win32.x86_64_17.0.5.v20221102-0933\jre\bin\management_ext.dll

Deoptimization events (0 events):
No events

Classes unloaded (0 events):
No events

Classes redefined (0 events):
No events

Internal exceptions (20 events):
Event: 0.582 Thread 0x00000251cd912bc0 Exception <a 'java/lang/NoSuchMethodError'{0x000000008c2be278}: 'void java.lang.invoke.DirectMethodHandle$Holder.invokeStatic(java.lang.Object, java.lang.Object)'> (0x000000008c2be278) 
thrown [s\src\hotspot\share\interpreter\linkResolver.cpp, line 759]
Event: 0.658 Thread 0x00000251cd912bc0 Exception <a 'java/lang/NoSuchMethodError'{0x000000008c18c3d0}: 'int java.lang.invoke.DirectMethodHandle$Holder.invokeSpecial(java.lang.Object, java.lang.Object, java.lang.Object)'> (0x000000008c18c3d0) 
thrown [s\src\hotspot\share\interpreter\linkResolver.cpp, line 759]
Event: 0.739 Thread 0x00000251cd912bc0 Exception <a 'java/lang/NoSuchMethodError'{0x000000008c096b30}: 'void java.lang.invoke.DirectMethodHandle$Holder.invokeStatic(java.lang.Object, java.lang.Object, java.lang.Object)'> (0x000000008c096b30) 
thrown [s\src\hotspot\share\interpreter\linkResolver.cpp, line 759]
Event: 0.790 Thread 0x00000251cd912bc0 Exception <a 'java/lang/NoSuchMethodError'{0x000000008c0e13a0}: 'int java.lang.invoke.DirectMethodHandle$Holder.invokeSpecialIFC(java.lang.Object, java.lang.Object, java.lang.Object)'> (0x000000008c0e13a0) 
thrown [s\src\hotspot\share\interpreter\linkResolver.cpp, line 759]
Event: 0.822 Thread 0x00000251cd912bc0 Exception <a 'java/lang/NoSuchMethodError'{0x000000008bf57aa0}: 'java.lang.Object java.lang.invoke.DirectMethodHandle$Holder.invokeStaticInit(java.lang.Object, int, int, int, int)'> (0x000000008bf57aa0) 
thrown [s\src\hotspot\share\interpreter\linkResolver.cpp, line 759]
Event: 0.885 Thread 0x00000251cd912bc0 Exception <a 'java/lang/NoSuchMethodError'{0x000000008bf7cee8}: 'java.lang.Object java.lang.invoke.DirectMethodHandle$Holder.invokeStaticInit(java.lang.Object, java.lang.Object, int, int, int, int)'> (0x000000008bf7cee8) 
thrown [s\src\hotspot\share\interpreter\linkResolver.cpp, line 759]
Event: 0.896 Thread 0x00000251cd912bc0 Exception <a 'java/lang/ClassNotFoundException'{0x000000008bf98660}: javax/management/remote/rmi/RMIServerImpl_Skel> (0x000000008bf98660) 
thrown [s\src\hotspot\share\classfile\systemDictionary.cpp, line 256]
Event: 0.949 Thread 0x00000251cd912bc0 Exception <a 'java/lang/ClassNotFoundException'{0x000000008becfe50}: jdk/internal/agent/resources/spi/agentProvider> (0x000000008becfe50) 
thrown [s\src\hotspot\share\classfile\systemDictionary.cpp, line 256]
Event: 1.019 Thread 0x00000251ddf40350 Exception <a 'java/lang/NoSuchMethodError'{0x000000008bcef9f0}: static [B.<clinit>()V> (0x000000008bcef9f0) 
thrown [s\src\hotspot\share\prims\jni.cpp, line 1107]
Event: 1.031 Thread 0x00000251ddf40350 Exception <a 'java/lang/ClassNotFoundException'{0x000000008bb98a60}: javax/management/remote/rmi/RMIConnectionImpl_Skel> (0x000000008bb98a60) 
thrown [s\src\hotspot\share\classfile\systemDictionary.cpp, line 256]
Event: 1.035 Thread 0x00000251ddff91f0 Exception <a 'java/lang/NoSuchMethodError'{0x000000008bbe7f50}: 'java.lang.Object java.lang.invoke.Invokers$Holder.linkToTargetMethod(java.lang.Object, long, java.lang.Object)'> (0x000000008bbe7f50) 
thrown [s\src\hotspot\share\interpreter\linkResolver.cpp, line 759]
Event: 1.057 Thread 0x00000251ddf40350 Exception <a 'java/lang/reflect/InvocationTargetException'{0x000000008c73be68}> (0x000000008c73be68) 
thrown [s\src\hotspot\share\runtime\reflection.cpp, line 1121]
Event: 1.061 Thread 0x00000251ddf40350 Exception <a 'java/lang/NoSuchMethodError'{0x000000008c785358}: static [Ljava/lang/StackTraceElement;.<clinit>()V> (0x000000008c785358) 
thrown [s\src\hotspot\share\prims\jni.cpp, line 1107]
Event: 1.081 Thread 0x00000251cd912bc0 Exception <a 'java/lang/ClassNotFoundException'{0x000000008c615918}: javax/smartcardio/CardPermission> (0x000000008c615918) 
thrown [s\src\hotspot\share\classfile\systemDictionary.cpp, line 256]
Event: 1.084 Thread 0x00000251cd912bc0 Exception <a 'java/io/FileNotFoundException'{0x000000008c6240c0}> (0x000000008c6240c0) 
thrown [s\src\hotspot\share\prims\jni.cpp, line 516]
Event: 1.145 Thread 0x00000251cd912bc0 Exception <a 'java/lang/NoSuchMethodError'{0x000000008c5f33a0}: 'void java.lang.invoke.DirectMethodHandle$Holder.invokeStatic(java.lang.Object, java.lang.Object, java.lang.Object, java.lang.Object)'> (0x000000008c5f33a0) 
thrown [s\src\hotspot\share\interpreter\linkResolver.cpp, line 759]
Event: 1.177 Thread 0x00000251cd912bc0 Exception <a 'java/lang/NoSuchMethodError'{0x000000008c308cc0}: 'int java.lang.invoke.DirectMethodHandle$Holder.invokeStaticInit(java.lang.Object, java.lang.Object)'> (0x000000008c308cc0) 
thrown [s\src\hotspot\share\interpreter\linkResolver.cpp, line 759]
Event: 1.220 Thread 0x00000251cd912bc0 Exception <a 'java/lang/NoSuchMethodError'{0x000000008c2d6998}: 'java.lang.Object java.lang.invoke.DirectMethodHandle$Holder.invokeInterface(java.lang.Object, java.lang.Object)'> (0x000000008c2d6998) 
thrown [s\src\hotspot\share\interpreter\linkResolver.cpp, line 759]
Event: 1.225 Thread 0x00000251cd912bc0 Exception <a 'java/lang/NoSuchMethodError'{0x000000008c11cb00}: 'java.lang.Object java.lang.invoke.DirectMethodHandle$Holder.invokeSpecialIFC(java.lang.Object, java.lang.Object, java.lang.Object, java.lang.Object)'> (0x000000008c11cb00) 
thrown [s\src\hotspot\share\interpreter\linkResolver.cpp, line 759]
Event: 1.228 Thread 0x00000251cd912bc0 Exception <a 'java/lang/NoSuchMethodError'{0x000000008c13d8a0}: 'java.lang.Object java.lang.invoke.DirectMethodHandle$Holder.invokeInterface(java.lang.Object, java.lang.Object, java.lang.Object)'> (0x000000008c13d8a0) 
thrown [s\src\hotspot\share\interpreter\linkResolver.cpp, line 759]

VM Operations (16 events):
Event: 0.383 Executing VM operation: HandshakeAllThreads
Event: 0.383 Executing VM operation: HandshakeAllThreads done
Event: 0.764 Executing VM operation: HandshakeAllThreads
Event: 0.764 Executing VM operation: HandshakeAllThreads done
Event: 0.809 Executing VM operation: HandshakeAllThreads
Event: 0.809 Executing VM operation: HandshakeAllThreads done
Event: 0.896 Executing VM operation: HandshakeAllThreads
Event: 0.896 Executing VM operation: HandshakeAllThreads done
Event: 1.010 Executing VM operation: HandshakeAllThreads
Event: 1.010 Executing VM operation: HandshakeAllThreads done
Event: 1.017 Executing VM operation: HandshakeAllThreads
Event: 1.017 Executing VM operation: HandshakeAllThreads done
Event: 1.030 Executing VM operation: HandshakeAllThreads
Event: 1.030 Executing VM operation: HandshakeAllThreads done
Event: 1.043 Executing VM operation: G1CollectForAllocation
Event: 1.056 Executing VM operation: G1CollectForAllocation done

Events (20 events):
Event: 1.219 loading class java/lang/StackStreamFactory$WalkerState
Event: 1.219 loading class java/lang/StackStreamFactory$WalkerState done
Event: 1.219 loading class java/lang/StackStreamFactory$1
Event: 1.219 loading class java/lang/StackStreamFactory$1 done
Event: 1.219 loading class java/lang/StackStreamFactory$StackFrameTraverser$StackFrameBuffer
Event: 1.219 loading class java/lang/StackStreamFactory$FrameBuffer
Event: 1.220 loading class java/lang/StackStreamFactory$FrameBuffer done
Event: 1.220 loading class java/lang/StackStreamFactory$StackFrameTraverser$StackFrameBuffer done
Event: 1.224 loading class java/lang/invoke/MethodHandle$1
Event: 1.224 loading class java/lang/invoke/MethodHandle$1 done
Event: 1.229 loading class java/util/stream/Nodes$FixedNodeBuilder
Event: 1.229 loading class java/util/stream/Nodes$ArrayNode
Event: 1.229 loading class java/util/stream/Nodes$ArrayNode done
Event: 1.229 loading class java/util/stream/Nodes$FixedNodeBuilder done
Event: 1.247 loading class java/util/concurrent/BlockingDeque
Event: 1.247 loading class java/util/concurrent/BlockingDeque done
Event: 1.251 loading class java/net/URLClassLoader
Event: 1.251 loading class java/net/URLClassLoader done
Event: 1.251 loading class java/util/concurrent/LinkedBlockingDeque
Event: 1.252 loading class java/util/concurrent/LinkedBlockingDeque done


Dynamic libraries:
0x00007ff612ca0000 - 0x00007ff612cae000 	D:\sts-4.17.0.RELEASE\plugins\org.eclipse.justj.openjdk.hotspot.jre.full.win32.x86_64_17.0.5.v20221102-0933\jre\bin\javaw.exe
0x00007ffe87310000 - 0x00007ffe87524000 	C:\WINDOWS\SYSTEM32\ntdll.dll
0x00007ffe86430000 - 0x00007ffe864f2000 	C:\WINDOWS\System32\KERNEL32.DLL
0x00007ffe848a0000 - 0x00007ffe84c43000 	C:\WINDOWS\System32\KERNELBASE.dll
0x00007ffe84e60000 - 0x00007ffe84f71000 	C:\WINDOWS\System32\ucrtbase.dll
0x00007ffe60c70000 - 0x00007ffe60c87000 	D:\sts-4.17.0.RELEASE\plugins\org.eclipse.justj.openjdk.hotspot.jre.full.win32.x86_64_17.0.5.v20221102-0933\jre\bin\jli.dll
0x00007ffe86c30000 - 0x00007ffe86ddb000 	C:\WINDOWS\System32\USER32.dll
0x00007ffe84e30000 - 0x00007ffe84e56000 	C:\WINDOWS\System32\win32u.dll
0x00007ffe86c00000 - 0x00007ffe86c29000 	C:\WINDOWS\System32\GDI32.dll
0x00007ffe84c50000 - 0x00007ffe84d69000 	C:\WINDOWS\System32\gdi32full.dll
0x00007ffe84710000 - 0x00007ffe847aa000 	C:\WINDOWS\System32\msvcp_win.dll
0x00007ffe60d50000 - 0x00007ffe60d69000 	D:\sts-4.17.0.RELEASE\plugins\org.eclipse.justj.openjdk.hotspot.jre.full.win32.x86_64_17.0.5.v20221102-0933\jre\bin\VCRUNTIME140.dll
0x00007ffe6a820000 - 0x00007ffe6aaae000 	C:\WINDOWS\WinSxS\amd64_microsoft.windows.common-controls_6595b64144ccf1df_6.0.22621.1635_none_270f70857386168e\COMCTL32.dll
0x00007ffe85fe0000 - 0x00007ffe86087000 	C:\WINDOWS\System32\msvcrt.dll
0x00007ffe85e90000 - 0x00007ffe85ec1000 	C:\WINDOWS\System32\IMM32.DLL
0x00007ffe60dd0000 - 0x00007ffe60ddc000 	D:\sts-4.17.0.RELEASE\plugins\org.eclipse.justj.openjdk.hotspot.jre.full.win32.x86_64_17.0.5.v20221102-0933\jre\bin\vcruntime140_1.dll
0x00007ffe430b0000 - 0x00007ffe43141000 	D:\sts-4.17.0.RELEASE\plugins\org.eclipse.justj.openjdk.hotspot.jre.full.win32.x86_64_17.0.5.v20221102-0933\jre\bin\msvcp140.dll
0x00007ffe1c940000 - 0x00007ffe1d584000 	D:\sts-4.17.0.RELEASE\plugins\org.eclipse.justj.openjdk.hotspot.jre.full.win32.x86_64_17.0.5.v20221102-0933\jre\bin\server\jvm.dll
0x00007ffe86de0000 - 0x00007ffe86e8e000 	C:\WINDOWS\System32\ADVAPI32.dll
0x00007ffe86b40000 - 0x00007ffe86be4000 	C:\WINDOWS\System32\sechost.dll
0x00007ffe86310000 - 0x00007ffe86427000 	C:\WINDOWS\System32\RPCRT4.dll
0x00007ffe666e0000 - 0x00007ffe666e9000 	C:\WINDOWS\SYSTEM32\WSOCK32.dll
0x00007ffe854e0000 - 0x00007ffe85551000 	C:\WINDOWS\System32\WS2_32.dll
0x00007ffe7ad30000 - 0x00007ffe7ad64000 	C:\WINDOWS\SYSTEM32\WINMM.dll
0x00007ffe79b00000 - 0x00007ffe79b0a000 	C:\WINDOWS\SYSTEM32\VERSION.dll
0x00007ffe83760000 - 0x00007ffe83778000 	C:\WINDOWS\SYSTEM32\kernel.appcore.dll
0x00007ffe666d0000 - 0x00007ffe666da000 	D:\sts-4.17.0.RELEASE\plugins\org.eclipse.justj.openjdk.hotspot.jre.full.win32.x86_64_17.0.5.v20221102-0933\jre\bin\jimage.dll
0x00007ffe82090000 - 0x00007ffe822be000 	C:\WINDOWS\SYSTEM32\DBGHELP.DLL
0x00007ffe850f0000 - 0x00007ffe85479000 	C:\WINDOWS\System32\combase.dll
0x00007ffe86230000 - 0x00007ffe86307000 	C:\WINDOWS\System32\OLEAUT32.dll
0x00007ffe615b0000 - 0x00007ffe615e2000 	C:\WINDOWS\SYSTEM32\dbgcore.DLL
0x00007ffe84820000 - 0x00007ffe8489b000 	C:\WINDOWS\System32\bcryptPrimitives.dll
0x00007ffe65770000 - 0x00007ffe65795000 	D:\sts-4.17.0.RELEASE\plugins\org.eclipse.justj.openjdk.hotspot.jre.full.win32.x86_64_17.0.5.v20221102-0933\jre\bin\java.dll
0x00007ffe65f10000 - 0x00007ffe65f28000 	D:\sts-4.17.0.RELEASE\plugins\org.eclipse.justj.openjdk.hotspot.jre.full.win32.x86_64_17.0.5.v20221102-0933\jre\bin\zip.dll
0x00007ffe85560000 - 0x00007ffe85d5a000 	C:\WINDOWS\System32\SHELL32.dll
0x00007ffe82710000 - 0x00007ffe82fde000 	C:\WINDOWS\SYSTEM32\windows.storage.dll
0x00007ffe825d0000 - 0x00007ffe8270e000 	C:\WINDOWS\SYSTEM32\wintypes.dll
0x00007ffe86110000 - 0x00007ffe86201000 	C:\WINDOWS\System32\SHCORE.dll
0x00007ffe85480000 - 0x00007ffe854de000 	C:\WINDOWS\System32\shlwapi.dll
0x00007ffe84640000 - 0x00007ffe84661000 	C:\WINDOWS\SYSTEM32\profapi.dll
0x00007ffe65ed0000 - 0x00007ffe65ee9000 	D:\sts-4.17.0.RELEASE\plugins\org.eclipse.justj.openjdk.hotspot.jre.full.win32.x86_64_17.0.5.v20221102-0933\jre\bin\net.dll
0x00007ffe79810000 - 0x00007ffe79947000 	C:\WINDOWS\SYSTEM32\WINHTTP.dll
0x00007ffe83bd0000 - 0x00007ffe83c39000 	C:\WINDOWS\system32\mswsock.dll
0x00007ffe61040000 - 0x00007ffe61055000 	D:\sts-4.17.0.RELEASE\plugins\org.eclipse.justj.openjdk.hotspot.jre.full.win32.x86_64_17.0.5.v20221102-0933\jre\bin\nio.dll
0x00007ffe60be0000 - 0x00007ffe60be9000 	D:\sts-4.17.0.RELEASE\plugins\org.eclipse.justj.openjdk.hotspot.jre.full.win32.x86_64_17.0.5.v20221102-0933\jre\bin\management.dll
0x00007ffe60bd0000 - 0x00007ffe60bdb000 	D:\sts-4.17.0.RELEASE\plugins\org.eclipse.justj.openjdk.hotspot.jre.full.win32.x86_64_17.0.5.v20221102-0933\jre\bin\management_ext.dll
0x00007ffe87140000 - 0x00007ffe87148000 	C:\WINDOWS\System32\PSAPI.DLL
0x00007ffe5e9f0000 - 0x00007ffe5ea07000 	C:\WINDOWS\system32\napinsp.dll
0x00007ffe5e390000 - 0x00007ffe5e3ab000 	C:\WINDOWS\system32\pnrpnsp.dll
0x00007ffe832b0000 - 0x00007ffe833a3000 	C:\WINDOWS\SYSTEM32\DNSAPI.dll
0x00007ffe83280000 - 0x00007ffe832ad000 	C:\WINDOWS\SYSTEM32\IPHLPAPI.DLL
0x00007ffe86090000 - 0x00007ffe86099000 	C:\WINDOWS\System32\NSI.dll
0x00007ffe5e370000 - 0x00007ffe5e381000 	C:\WINDOWS\System32\winrnr.dll
0x00007ffe5e350000 - 0x00007ffe5e365000 	C:\WINDOWS\system32\wshbth.dll
0x00007ffe5e320000 - 0x00007ffe5e341000 	C:\WINDOWS\system32\nlansp_c.dll
0x00007ffe65b00000 - 0x00007ffe65b0a000 	C:\Windows\System32\rasadhlp.dll
0x00007ffe78270000 - 0x00007ffe782f4000 	C:\WINDOWS\System32\fwpuclnt.dll
0x00007ffe83e30000 - 0x00007ffe83e4b000 	C:\WINDOWS\SYSTEM32\CRYPTSP.dll
0x00007ffe836d0000 - 0x00007ffe83705000 	C:\WINDOWS\system32\rsaenh.dll
0x00007ffe83cd0000 - 0x00007ffe83cf8000 	C:\WINDOWS\SYSTEM32\USERENV.dll
0x00007ffe83ff0000 - 0x00007ffe84018000 	C:\WINDOWS\SYSTEM32\bcrypt.dll
0x00007ffe83e50000 - 0x00007ffe83e5c000 	C:\WINDOWS\SYSTEM32\CRYPTBASE.dll
0x00007ffe79ae0000 - 0x00007ffe79af9000 	C:\WINDOWS\SYSTEM32\dhcpcsvc6.DLL
0x00007ffe796b0000 - 0x00007ffe796cf000 	C:\WINDOWS\SYSTEM32\dhcpcsvc.DLL

dbghelp: loaded successfully - version: 4.0.5 - missing functions: none
symbol engine: initialized successfully - sym options: 0x614 - pdb path: .;D:\sts-4.17.0.RELEASE\plugins\org.eclipse.justj.openjdk.hotspot.jre.full.win32.x86_64_17.0.5.v20221102-0933\jre\bin;C:\WINDOWS\SYSTEM32;C:\WINDOWS\WinSxS\amd64_microsoft.windows.common-controls_6595b64144ccf1df_6.0.22621.1635_none_270f70857386168e;D:\sts-4.17.0.RELEASE\plugins\org.eclipse.justj.openjdk.hotspot.jre.full.win32.x86_64_17.0.5.v20221102-0933\jre\bin\server

VM Arguments:
jvm_args: -Dcom.sun.management.jmxremote -Dcom.sun.management.jmxremote.port=52613 -Dcom.sun.management.jmxremote.authenticate=false -Dcom.sun.management.jmxremote.ssl=false -Djava.rmi.server.hostname=localhost -Dspring.jmx.enabled=true -Dmanagement.endpoints.jmx.exposure.include=* -Dspring.application.admin.enabled=true -XX:TieredStopAtLevel=1 -Dspring.boot.project.name=springboot-backend -Dfile.encoding=UTF-8 -XX:+ShowCodeDetailsInExceptionMessages 
java_command: com.example.demo.SpringbootBackendApplication --spring.output.ansi.enabled=always
java_class_path (initial): D:\Spring Project\Project\springboot-backend\target\classes;C:\Users\91972\.m2\repository\org\springframework\boot\spring-boot-starter-data-jpa\3.0.3\spring-boot-starter-data-jpa-3.0.3.jar;C:\Users\91972\.m2\repository\org\springframework\boot\spring-boot-starter-aop\3.0.2\spring-boot-starter-aop-3.0.2.jar;C:\Users\91972\.m2\repository\org\springframework\spring-aop\6.0.4\spring-aop-6.0.4.jar;C:\Users\91972\.m2\repository\org\aspectj\aspectjweaver\1.9.19\aspectjweaver-1.9.19.jar;C:\Users\91972\.m2\repository\org\springframework\boot\spring-boot-starter-jdbc\3.0.2\spring-boot-starter-jdbc-3.0.2.jar;C:\Users\91972\.m2\repository\com\zaxxer\HikariCP\5.0.1\HikariCP-5.0.1.jar;C:\Users\91972\.m2\repository\org\springframework\spring-jdbc\6.0.4\spring-jdbc-6.0.4.jar;C:\Users\91972\.m2\repository\org\hibernate\orm\hibernate-core\6.1.6.Final\hibernate-core-6.1.6.Final.jar;C:\Users\91972\.m2\repository\jakarta\persistence\jakarta.persistence-api\3.1.0\jakarta.persistence-api-3.1.0.jar;C:\Users\91972\.m2\repository\jakarta\transaction\jakarta.transaction-api\2.0.1\jakarta.transaction-api-2.0.1.jar;C:\Users\91972\.m2\repository\org\jboss\logging\jboss-logging\3.5.0.Final\jboss-logging-3.5.0.Final.jar;C:\Users\91972\.m2\repository\org\hibernate\common\hibernate-commons-annotations\6.0.2.Final\hibernate-commons-annotations-6.0.2.Final.jar;C:\Users\91972\.m2\repository\org\jboss\jandex\2.4.2.Final\jandex-2.4.2.Final.jar;C:\Users\91972\.m2\repository\com\fasterxml\classmate\1.5.1\classmate-1.5.1.jar;C:\Users\91972\.m2\repository\net\bytebuddy\byte-buddy\1.12.22\byte-buddy-1.12.22.jar;C:\Users\91972\.m2\repository\org\glassfish\jaxb\jaxb-runtime\4.0.1\jaxb-runtime-4.0.1.jar;C:\Users\91972\.m2\repository\org\glassfish\jaxb\jaxb-core\4.0.1\jaxb-core-4.0.1.jar;C:\Users\91972\.m2\repository\org\eclipse\angus\angus-activation\1.0.0\angus-activation-1.0.0.jar;C:\Users\91972\.m2\repository\org\glassfish\jaxb\txw2\4.0.1\txw2-4.0.1.jar;C:\Users\91972\.m2\reposito
Launcher Type: SUN_STANDARD

[Global flags]
     intx CICompilerCount                          = 3                                         {product} {ergonomic}
     uint ConcGCThreads                            = 1                                         {product} {ergonomic}
     uint G1ConcRefinementThreads                  = 4                                         {product} {ergonomic}
   size_t G1HeapRegionSize                         = 1048576                                   {product} {ergonomic}
    uintx GCDrainStackTargetSize                   = 64                                        {product} {ergonomic}
   size_t InitialHeapSize                          = 130023424                                 {product} {ergonomic}
     bool ManagementServer                         = true                                      {product} {command line}
   size_t MarkStackSize                            = 4194304                                   {product} {ergonomic}
   size_t MaxHeapSize                              = 2067791872                                {product} {ergonomic}
   size_t MaxNewSize                               = 1240465408                                {product} {ergonomic}
   size_t MinHeapDeltaBytes                        = 1048576                                   {product} {ergonomic}
   size_t MinHeapSize                              = 8388608                                   {product} {ergonomic}
    uintx NonProfiledCodeHeapSize                  = 0                                      {pd product} {ergonomic}
     bool ProfileInterpreter                       = false                                  {pd product} {command line}
    uintx ProfiledCodeHeapSize                     = 0                                      {pd product} {ergonomic}
     bool ShowCodeDetailsInExceptionMessages       = true                                   {manageable} {command line}
   size_t SoftMaxHeapSize                          = 2067791872                             {manageable} {ergonomic}
     intx TieredStopAtLevel                        = 1                                         {product} {command line}
     bool UseCompressedClassPointers               = true                           {product lp64_product} {ergonomic}
     bool UseCompressedOops                        = true                           {product lp64_product} {ergonomic}
     bool UseG1GC                                  = true                                      {product} {ergonomic}
     bool UseLargePagesIndividualAllocation        = false                                  {pd product} {ergonomic}

Logging:
Log output configuration:
 #0: stdout all=warning uptime,level,tags
 #1: stderr all=off uptime,level,tags

Environment Variables:
JAVA_HOME=C:\Program Files\Android\Android Studio\jre\jre
CLASSPATH=D:\spring-5.3.9-dist\spring-framework-5.3.9\libs\libs;
PATH=D:/sts-4.17.0.RELEASE//plugins/org.eclipse.justj.openjdk.hotspot.jre.full.win32.x86_64_17.0.5.v20221102-0933/jre/bin/server;D:/sts-4.17.0.RELEASE//plugins/org.eclipse.justj.openjdk.hotspot.jre.full.win32.x86_64_17.0.5.v20221102-0933/jre/bin;C:\Program Files\Common Files\Oracle\Java\javapath;C:\Program Files (x86)\Common Files\Oracle\Java\javapath;C:\Python310\Scripts\;C:\Python310\;C:\Users\91972\AppData\Local\Programs\Python\Python39\Scripts\;C:\Users\91972\AppData\Local\Programs\Python\Python39\;C:\WINDOWS\system32;C:\WINDOWS;C:\WINDOWS\System32\Wbem;C:\WINDOWS\System32\WindowsPowerShell\v1.0\;C:\WINDOWS\System32\OpenSSH\;C:\ProgramData\chocolatey\bin;C:\Program Files\nodejs\;C:\Users\91972\AppData\Local\Microsoft\WindowsApps;C:\Users\91972\AppData\Local\Programs\Microsoft VS Code\bin;C:\Users\91972\AppData\Local\Android\sdk\platform-tools;C:\Program Files (x86)\Java\bin;C:\Users\91972\AppData\Local\GitHubDesktop\bin;C:\Users\91972\AppData\Roaming\npm;D:\sts-4.17.0.RELEASE;
USERNAME=91972
OS=Windows_NT
PROCESSOR_IDENTIFIER=Intel64 Family 6 Model 126 Stepping 5, GenuineIntel
TMP=C:\Users\91972\AppData\Local\Temp
TEMP=C:\Users\91972\AppData\Local\Temp



---------------  S Y S T E M  ---------------

OS:
 Windows 11 , 64 bit Build 22621 (10.0.22621.1778)
OS uptime: 11 days 20:50 hours

CPU: total 4 (initial active 4) (2 cores per cpu, 2 threads per core) family 6 model 126 stepping 5 microcode 0xa0, cx8, cmov, fxsr, ht, mmx, 3dnowpref, sse, sse2, sse3, ssse3, sse4.1, sse4.2, popcnt, lzcnt, tsc, tscinvbit, avx, avx2, aes, erms, clmul, bmi1, bmi2, adx, avx512f, avx512dq, avx512cd, avx512bw, avx512vl, sha, fma, vzeroupper, avx512_vpopcntdq, avx512_vpclmulqdq, avx512_vaes, avx512_vnni, clflush, clflushopt, avx512_vbmi2, avx512_vbmi

Memory: 4k page, system-wide physical 7880M (567M free)
TotalPageFile size 13014M (AvailPageFile size 4M)
current process WorkingSet (physical memory assigned to process): 73M, peak: 73M
current process commit charge ("private bytes"): 208M, peak: 208M

vm_info: OpenJDK 64-Bit Server VM (17.0.5+8) for windows-amd64 JRE (17.0.5+8), built on Oct 19 2022 04:48:13 by "temurin" with MS VC++ 16.7 (VS2019)

END.
